2021-06-23 16:48:37,569:INFO:PyCaret Supervised Module
2021-06-23 16:48:37,570:INFO:ML Usecase: classification
2021-06-23 16:48:37,570:INFO:version 2.3.1
2021-06-23 16:48:37,570:INFO:Initializing setup()
2021-06-23 16:48:37,570:INFO:setup(target=species, ml_usecase=classification, available_plots={'parameter': 'Hyperparameters', 'auc': 'AUC', 'confusion_matrix': 'Confusion Matrix', 'threshold': 'Threshold', 'pr': 'Precision Recall', 'error': 'Prediction Error', 'class_report': 'Class Report', 'rfe': 'Feature Selection', 'learning': 'Learning Curve', 'manifold': 'Manifold Learning', 'calibration': 'Calibration Curve', 'vc': 'Validation Curve', 'dimension': 'Dimensions', 'feature': 'Feature Importance', 'feature_all': 'Feature Importance (All)', 'boundary': 'Decision Boundary', 'lift': 'Lift Chart', 'gain': 'Gain Chart', 'tree': 'Decision Tree'}, train_size=0.7, test_data=None, preprocess=True, imputation_type=simple, iterative_imputation_iters=5, categorical_features=None, categorical_imputation=constant, categorical_iterative_imputer=lightgbm, ordinal_features=None, high_cardinality_features=None, high_cardinality_method=frequency, numeric_features=None, numeric_imputation=mean, numeric_iterative_imputer=lightgbm, date_features=None, ignore_features=None, normalize=False, normalize_method=zscore, transformation=False, transformation_method=yeo-johnson, handle_unknown_categorical=True, unknown_categorical_method=least_frequent, pca=False, pca_method=linear, pca_components=None, ignore_low_variance=False, combine_rare_levels=False, rare_level_threshold=0.1, bin_numeric_features=None, remove_outliers=False, outliers_threshold=0.05, remove_multicollinearity=False, multicollinearity_threshold=0.9, remove_perfect_collinearity=True, create_clusters=False, cluster_iter=20, polynomial_features=False, polynomial_degree=2, trigonometry_features=False, polynomial_threshold=0.1, group_features=None, group_names=None, feature_selection=False, feature_selection_threshold=0.8, feature_selection_method=classic, feature_interaction=False, feature_ratio=False, interaction_threshold=0.01, fix_imbalance=False, fix_imbalance_method=None, transform_target=False, transform_target_method=box-cox, data_split_shuffle=True, data_split_stratify=False, fold_strategy=stratifiedkfold, fold=10, fold_shuffle=False, fold_groups=None, n_jobs=-1, use_gpu=False, custom_pipeline=None, html=True, session_id=123, log_experiment=False, experiment_name=None, log_plots=False, log_profile=False, log_data=False, silent=False, verbose=True, profile=False, profile_kwargs=None, display=None)
2021-06-23 16:48:37,570:INFO:Checking environment
2021-06-23 16:48:37,570:INFO:python_version: 3.7.9
2021-06-23 16:48:37,571:INFO:python_build: ('default', 'Aug 31 2020 12:42:55')
2021-06-23 16:48:37,571:INFO:machine: x86_64
2021-06-23 16:48:37,572:INFO:platform: Linux-4.19.104-microsoft-standard-x86_64-with-debian-bullseye-sid
2021-06-23 16:48:37,573:WARNING:cannot find psutil installation. memory not traceable. Install psutil using pip to enable memory logging.
2021-06-23 16:48:37,573:INFO:Checking libraries
2021-06-23 16:48:37,573:INFO:pd==1.2.4
2021-06-23 16:48:37,573:INFO:numpy==1.19.5
2021-06-23 16:48:37,573:INFO:sklearn==0.23.2
2021-06-23 16:48:37,573:INFO:lightgbm==3.2.1
2021-06-23 16:48:37,573:WARNING:catboost not found
2021-06-23 16:48:37,573:WARNING:xgboost not found
2021-06-23 16:48:37,796:INFO:mlflow==1.18.0
2021-06-23 16:48:37,796:INFO:Checking Exceptions
2021-06-23 16:48:51,395:INFO:PyCaret Supervised Module
2021-06-23 16:48:51,395:INFO:ML Usecase: classification
2021-06-23 16:48:51,395:INFO:version 2.3.1
2021-06-23 16:48:51,395:INFO:Initializing setup()
2021-06-23 16:48:51,395:INFO:setup(target=ahb, ml_usecase=classification, available_plots={'parameter': 'Hyperparameters', 'auc': 'AUC', 'confusion_matrix': 'Confusion Matrix', 'threshold': 'Threshold', 'pr': 'Precision Recall', 'error': 'Prediction Error', 'class_report': 'Class Report', 'rfe': 'Feature Selection', 'learning': 'Learning Curve', 'manifold': 'Manifold Learning', 'calibration': 'Calibration Curve', 'vc': 'Validation Curve', 'dimension': 'Dimensions', 'feature': 'Feature Importance', 'feature_all': 'Feature Importance (All)', 'boundary': 'Decision Boundary', 'lift': 'Lift Chart', 'gain': 'Gain Chart', 'tree': 'Decision Tree'}, train_size=0.7, test_data=None, preprocess=True, imputation_type=simple, iterative_imputation_iters=5, categorical_features=None, categorical_imputation=constant, categorical_iterative_imputer=lightgbm, ordinal_features=None, high_cardinality_features=None, high_cardinality_method=frequency, numeric_features=None, numeric_imputation=mean, numeric_iterative_imputer=lightgbm, date_features=None, ignore_features=None, normalize=False, normalize_method=zscore, transformation=False, transformation_method=yeo-johnson, handle_unknown_categorical=True, unknown_categorical_method=least_frequent, pca=False, pca_method=linear, pca_components=None, ignore_low_variance=False, combine_rare_levels=False, rare_level_threshold=0.1, bin_numeric_features=None, remove_outliers=False, outliers_threshold=0.05, remove_multicollinearity=False, multicollinearity_threshold=0.9, remove_perfect_collinearity=True, create_clusters=False, cluster_iter=20, polynomial_features=False, polynomial_degree=2, trigonometry_features=False, polynomial_threshold=0.1, group_features=None, group_names=None, feature_selection=False, feature_selection_threshold=0.8, feature_selection_method=classic, feature_interaction=False, feature_ratio=False, interaction_threshold=0.01, fix_imbalance=False, fix_imbalance_method=None, transform_target=False, transform_target_method=box-cox, data_split_shuffle=True, data_split_stratify=False, fold_strategy=stratifiedkfold, fold=10, fold_shuffle=False, fold_groups=None, n_jobs=-1, use_gpu=False, custom_pipeline=None, html=True, session_id=123, log_experiment=False, experiment_name=None, log_plots=False, log_profile=False, log_data=False, silent=False, verbose=True, profile=False, profile_kwargs=None, display=None)
2021-06-23 16:48:51,395:INFO:Checking environment
2021-06-23 16:48:51,396:INFO:python_version: 3.7.9
2021-06-23 16:48:51,396:INFO:python_build: ('default', 'Aug 31 2020 12:42:55')
2021-06-23 16:48:51,396:INFO:machine: x86_64
2021-06-23 16:48:51,396:INFO:platform: Linux-4.19.104-microsoft-standard-x86_64-with-debian-bullseye-sid
2021-06-23 16:48:51,397:WARNING:cannot find psutil installation. memory not traceable. Install psutil using pip to enable memory logging.
2021-06-23 16:48:51,397:INFO:Checking libraries
2021-06-23 16:48:51,398:INFO:pd==1.2.4
2021-06-23 16:48:51,398:INFO:numpy==1.19.5
2021-06-23 16:48:51,398:INFO:sklearn==0.23.2
2021-06-23 16:48:51,398:INFO:lightgbm==3.2.1
2021-06-23 16:48:51,399:WARNING:catboost not found
2021-06-23 16:48:51,400:WARNING:xgboost not found
2021-06-23 16:48:51,400:INFO:mlflow==1.18.0
2021-06-23 16:48:51,400:INFO:Checking Exceptions
2021-06-23 16:48:51,400:INFO:Declaring global variables
2021-06-23 16:48:51,401:INFO:USI: 0bd3
2021-06-23 16:48:51,401:INFO:pycaret_globals: {'stratify_param', '_gpu_n_jobs_param', '_all_metrics', '_available_plots', 'fold_param', 'y_train', 'logging_param', 'display_container', 'gpu_param', 'data_before_preprocess', 'html_param', 'fix_imbalance_method_param', 'n_jobs_param', '_all_models', '_ml_usecase', 'prep_pipe', 'log_plots_param', 'transform_target_param', 'X_train', 'imputation_classifier', 'fold_groups_param', 'iterative_imputation_iters_param', 'transform_target_method_param', 'X_test', 'pycaret_globals', 'USI', 'fold_groups_param_full', 'fold_generator', 'fix_imbalance_param', 'exp_name_log', 'y', 'experiment__', '_all_models_internal', 'X', 'master_model_container', 'y_test', 'target_param', 'seed', 'imputation_regressor', 'create_model_container', '_internal_pipeline', 'fold_shuffle_param'}
2021-06-23 16:48:51,401:INFO:Preparing display monitor
2021-06-23 16:48:51,401:INFO:Preparing display monitor
2021-06-23 16:48:51,415:INFO:Importing libraries
2021-06-23 16:48:51,415:INFO:Copying data for preprocessing
2021-06-23 16:48:51,431:INFO:Declaring preprocessing parameters
2021-06-23 16:48:51,444:INFO:Creating preprocessing pipeline
2021-06-23 16:48:51,631:INFO:Preprocessing pipeline created successfully
2021-06-23 16:48:51,631:ERROR:(Process Exit): setup has been interupted with user command 'quit'. setup must rerun.
2021-06-23 16:48:51,631:INFO:Creating global containers
2021-06-23 16:48:51,632:INFO:Internal pipeline: Pipeline(memory=None, steps=[('empty_step', 'passthrough')], verbose=False)
2021-06-23 16:48:54,416:WARNING:Couldn't import xgboost.XGBClassifier
2021-06-23 16:48:54,417:WARNING:Couldn't import catboost.CatBoostClassifier
2021-06-23 16:48:54,478:WARNING:Couldn't import xgboost.XGBClassifier
2021-06-23 16:48:54,479:WARNING:Couldn't import catboost.CatBoostClassifier
2021-06-23 16:48:54,479:INFO:Creating grid variables
2021-06-23 16:48:54,500:INFO:create_model_container: 0
2021-06-23 16:48:54,500:INFO:master_model_container: 0
2021-06-23 16:48:54,500:INFO:display_container: 1
2021-06-23 16:48:54,504:INFO:Pipeline(memory=None,
         steps=[('dtypes',
                 DataTypes_Auto_infer(categorical_features=[],
                                      display_types=True, features_todrop=[],
                                      id_columns=[],
                                      ml_usecase='classification',
                                      numerical_features=[], target='ahb',
                                      time_features=[])),
                ('imputer',
                 Simple_Imputer(categorical_strategy='not_available',
                                fill_value_categorical=None,
                                fill_value_numerical=None,
                                numeric_strategy...
                ('scaling', 'passthrough'), ('P_transform', 'passthrough'),
                ('binn', 'passthrough'), ('rem_outliers', 'passthrough'),
                ('cluster_all', 'passthrough'),
                ('dummy', Dummify(target='ahb')),
                ('fix_perfect', Remove_100(target='ahb')),
                ('clean_names', Clean_Colum_Names()),
                ('feature_select', 'passthrough'), ('fix_multi', 'passthrough'),
                ('dfs', 'passthrough'), ('pca', 'passthrough')],
         verbose=False)
2021-06-23 16:48:54,505:INFO:setup() succesfully completed......................................
2021-06-23 16:49:13,105:INFO:Initializing compare_models()
2021-06-23 16:49:13,105:INFO:compare_models(include=None, fold=None, round=4, cross_validation=True, sort=Accuracy, n_select=1, budget_time=None, turbo=True, errors=ignore, fit_kwargs=None, groups=None, verbose=True, display=None, exclude=None)
2021-06-23 16:49:13,105:INFO:Checking exceptions
2021-06-23 16:49:13,108:INFO:Preparing display monitor
2021-06-23 16:49:13,108:INFO:Preparing display monitor
2021-06-23 16:49:13,140:INFO:Initializing Logistic Regression
2021-06-23 16:49:13,141:INFO:Total runtime is 2.1298726399739584e-06 minutes
2021-06-23 16:49:13,149:INFO:SubProcess create_model() called ==================================
2021-06-23 16:49:13,149:INFO:Initializing create_model()
2021-06-23 16:49:13,149:INFO:create_model(estimator=lr, fold=StratifiedKFold(n_splits=10, random_state=None, shuffle=False), round=4, cross_validation=True, predict=True, fit_kwargs={}, groups=None, refit=False, verbose=False, system=False, metrics=None, display=<pycaret.internal.Display.Display object at 0x7ff13d18eb10>, kwargs={})
2021-06-23 16:49:13,149:INFO:Checking exceptions
2021-06-23 16:49:13,149:INFO:Importing libraries
2021-06-23 16:49:13,149:INFO:Copying training dataset
2021-06-23 16:49:13,151:INFO:Defining folds
2021-06-23 16:49:13,151:INFO:Declaring metric variables
2021-06-23 16:49:13,159:INFO:Importing untrained model
2021-06-23 16:49:13,168:INFO:Logistic Regression Imported succesfully
2021-06-23 16:49:13,187:INFO:Starting cross validation
2021-06-23 16:49:13,188:INFO:Cross validating with StratifiedKFold(n_splits=10, random_state=None, shuffle=False), n_jobs=-1
2021-06-23 16:49:28,666:INFO:Calculating mean and std
2021-06-23 16:49:28,671:INFO:Creating metrics dataframe
2021-06-23 16:49:28,690:INFO:Uploading results into container
2021-06-23 16:49:28,690:INFO:Uploading model into container now
2021-06-23 16:49:28,690:INFO:create_model_container: 1
2021-06-23 16:49:28,690:INFO:master_model_container: 1
2021-06-23 16:49:28,691:INFO:display_container: 2
2021-06-23 16:49:28,691:INFO:LogisticRegression(C=1.0, class_weight=None, dual=False, fit_intercept=True,
                   intercept_scaling=1, l1_ratio=None, max_iter=1000,
                   multi_class='auto', n_jobs=None, penalty='l2',
                   random_state=123, solver='lbfgs', tol=0.0001, verbose=0,
                   warm_start=False)
2021-06-23 16:49:28,691:INFO:create_model() succesfully completed......................................
2021-06-23 16:49:28,760:INFO:SubProcess create_model() end ==================================
2021-06-23 16:49:28,761:INFO:Creating metrics dataframe
2021-06-23 16:49:28,785:INFO:Initializing K Neighbors Classifier
2021-06-23 16:49:28,785:INFO:Total runtime is 0.2607427716255188 minutes
2021-06-23 16:49:28,794:INFO:SubProcess create_model() called ==================================
2021-06-23 16:49:28,795:INFO:Initializing create_model()
2021-06-23 16:49:28,795:INFO:create_model(estimator=knn, fold=StratifiedKFold(n_splits=10, random_state=None, shuffle=False), round=4, cross_validation=True, predict=True, fit_kwargs={}, groups=None, refit=False, verbose=False, system=False, metrics=None, display=<pycaret.internal.Display.Display object at 0x7ff13d18eb10>, kwargs={})
2021-06-23 16:49:28,795:INFO:Checking exceptions
2021-06-23 16:49:28,795:INFO:Importing libraries
2021-06-23 16:49:28,795:INFO:Copying training dataset
2021-06-23 16:49:28,797:INFO:Defining folds
2021-06-23 16:49:28,798:INFO:Declaring metric variables
2021-06-23 16:49:28,806:INFO:Importing untrained model
2021-06-23 16:49:28,815:INFO:K Neighbors Classifier Imported succesfully
2021-06-23 16:49:28,835:INFO:Starting cross validation
2021-06-23 16:49:28,835:INFO:Cross validating with StratifiedKFold(n_splits=10, random_state=None, shuffle=False), n_jobs=-1
2021-06-23 16:49:34,121:INFO:Calculating mean and std
2021-06-23 16:49:34,124:INFO:Creating metrics dataframe
2021-06-23 16:49:34,142:INFO:Uploading results into container
2021-06-23 16:49:34,142:INFO:Uploading model into container now
2021-06-23 16:49:34,142:INFO:create_model_container: 2
2021-06-23 16:49:34,143:INFO:master_model_container: 2
2021-06-23 16:49:34,143:INFO:display_container: 2
2021-06-23 16:49:34,144:INFO:KNeighborsClassifier(algorithm='auto', leaf_size=30, metric='minkowski',
                     metric_params=None, n_jobs=-1, n_neighbors=5, p=2,
                     weights='uniform')
2021-06-23 16:49:34,144:INFO:create_model() succesfully completed......................................
2021-06-23 16:49:34,203:INFO:SubProcess create_model() end ==================================
2021-06-23 16:49:34,203:INFO:Creating metrics dataframe
2021-06-23 16:49:34,229:INFO:Initializing Naive Bayes
2021-06-23 16:49:34,229:INFO:Total runtime is 0.3514720638593038 minutes
2021-06-23 16:49:34,239:INFO:SubProcess create_model() called ==================================
2021-06-23 16:49:34,239:INFO:Initializing create_model()
2021-06-23 16:49:34,239:INFO:create_model(estimator=nb, fold=StratifiedKFold(n_splits=10, random_state=None, shuffle=False), round=4, cross_validation=True, predict=True, fit_kwargs={}, groups=None, refit=False, verbose=False, system=False, metrics=None, display=<pycaret.internal.Display.Display object at 0x7ff13d18eb10>, kwargs={})
2021-06-23 16:49:34,239:INFO:Checking exceptions
2021-06-23 16:49:34,240:INFO:Importing libraries
2021-06-23 16:49:34,240:INFO:Copying training dataset
2021-06-23 16:49:34,242:INFO:Defining folds
2021-06-23 16:49:34,242:INFO:Declaring metric variables
2021-06-23 16:49:34,253:INFO:Importing untrained model
2021-06-23 16:49:34,263:INFO:Naive Bayes Imported succesfully
2021-06-23 16:49:34,286:INFO:Starting cross validation
2021-06-23 16:49:34,286:INFO:Cross validating with StratifiedKFold(n_splits=10, random_state=None, shuffle=False), n_jobs=-1
2021-06-23 16:49:34,872:INFO:Calculating mean and std
2021-06-23 16:49:34,874:INFO:Creating metrics dataframe
2021-06-23 16:49:34,888:INFO:Uploading results into container
2021-06-23 16:49:34,888:INFO:Uploading model into container now
2021-06-23 16:49:34,889:INFO:create_model_container: 3
2021-06-23 16:49:34,889:INFO:master_model_container: 3
2021-06-23 16:49:34,889:INFO:display_container: 2
2021-06-23 16:49:34,890:INFO:GaussianNB(priors=None, var_smoothing=1e-09)
2021-06-23 16:49:34,890:INFO:create_model() succesfully completed......................................
2021-06-23 16:49:34,951:INFO:SubProcess create_model() end ==================================
2021-06-23 16:49:34,951:INFO:Creating metrics dataframe
2021-06-23 16:49:34,976:INFO:Initializing Decision Tree Classifier
2021-06-23 16:49:34,976:INFO:Total runtime is 0.36392955382665 minutes
2021-06-23 16:49:34,986:INFO:SubProcess create_model() called ==================================
2021-06-23 16:49:34,987:INFO:Initializing create_model()
2021-06-23 16:49:34,987:INFO:create_model(estimator=dt, fold=StratifiedKFold(n_splits=10, random_state=None, shuffle=False), round=4, cross_validation=True, predict=True, fit_kwargs={}, groups=None, refit=False, verbose=False, system=False, metrics=None, display=<pycaret.internal.Display.Display object at 0x7ff13d18eb10>, kwargs={})
2021-06-23 16:49:34,987:INFO:Checking exceptions
2021-06-23 16:49:34,987:INFO:Importing libraries
2021-06-23 16:49:34,987:INFO:Copying training dataset
2021-06-23 16:49:34,989:INFO:Defining folds
2021-06-23 16:49:34,989:INFO:Declaring metric variables
2021-06-23 16:49:35,006:INFO:Importing untrained model
2021-06-23 16:49:35,019:INFO:Decision Tree Classifier Imported succesfully
2021-06-23 16:49:35,042:INFO:Starting cross validation
2021-06-23 16:49:35,043:INFO:Cross validating with StratifiedKFold(n_splits=10, random_state=None, shuffle=False), n_jobs=-1
2021-06-23 16:49:36,468:INFO:Calculating mean and std
2021-06-23 16:49:36,469:INFO:Creating metrics dataframe
2021-06-23 16:49:36,479:INFO:Uploading results into container
2021-06-23 16:49:36,479:INFO:Uploading model into container now
2021-06-23 16:49:36,479:INFO:create_model_container: 4
2021-06-23 16:49:36,479:INFO:master_model_container: 4
2021-06-23 16:49:36,479:INFO:display_container: 2
2021-06-23 16:49:36,480:INFO:DecisionTreeClassifier(ccp_alpha=0.0, class_weight=None, criterion='gini',
                       max_depth=None, max_features=None, max_leaf_nodes=None,
                       min_impurity_decrease=0.0, min_impurity_split=None,
                       min_samples_leaf=1, min_samples_split=2,
                       min_weight_fraction_leaf=0.0, presort='deprecated',
                       random_state=123, splitter='best')
2021-06-23 16:49:36,480:INFO:create_model() succesfully completed......................................
2021-06-23 16:49:36,537:INFO:SubProcess create_model() end ==================================
2021-06-23 16:49:36,537:INFO:Creating metrics dataframe
2021-06-23 16:49:36,561:INFO:Initializing SVM - Linear Kernel
2021-06-23 16:49:36,562:INFO:Total runtime is 0.3903522531191508 minutes
2021-06-23 16:49:36,571:INFO:SubProcess create_model() called ==================================
2021-06-23 16:49:36,572:INFO:Initializing create_model()
2021-06-23 16:49:36,572:INFO:create_model(estimator=svm, fold=StratifiedKFold(n_splits=10, random_state=None, shuffle=False), round=4, cross_validation=True, predict=True, fit_kwargs={}, groups=None, refit=False, verbose=False, system=False, metrics=None, display=<pycaret.internal.Display.Display object at 0x7ff13d18eb10>, kwargs={})
2021-06-23 16:49:36,572:INFO:Checking exceptions
2021-06-23 16:49:36,572:INFO:Importing libraries
2021-06-23 16:49:36,572:INFO:Copying training dataset
2021-06-23 16:49:36,574:INFO:Defining folds
2021-06-23 16:49:36,574:INFO:Declaring metric variables
2021-06-23 16:49:36,584:INFO:Importing untrained model
2021-06-23 16:49:36,593:INFO:SVM - Linear Kernel Imported succesfully
2021-06-23 16:49:36,614:INFO:Starting cross validation
2021-06-23 16:49:36,614:INFO:Cross validating with StratifiedKFold(n_splits=10, random_state=None, shuffle=False), n_jobs=-1
2021-06-23 16:49:38,857:INFO:Calculating mean and std
2021-06-23 16:49:38,859:INFO:Creating metrics dataframe
2021-06-23 16:49:38,868:INFO:Uploading results into container
2021-06-23 16:49:38,868:INFO:Uploading model into container now
2021-06-23 16:49:38,868:INFO:create_model_container: 5
2021-06-23 16:49:38,868:INFO:master_model_container: 5
2021-06-23 16:49:38,868:INFO:display_container: 2
2021-06-23 16:49:38,869:INFO:SGDClassifier(alpha=0.0001, average=False, class_weight=None,
              early_stopping=False, epsilon=0.1, eta0=0.001, fit_intercept=True,
              l1_ratio=0.15, learning_rate='optimal', loss='hinge',
              max_iter=1000, n_iter_no_change=5, n_jobs=-1, penalty='l2',
              power_t=0.5, random_state=123, shuffle=True, tol=0.001,
              validation_fraction=0.1, verbose=0, warm_start=False)
2021-06-23 16:49:38,869:INFO:create_model() succesfully completed......................................
2021-06-23 16:49:38,926:INFO:SubProcess create_model() end ==================================
2021-06-23 16:49:38,926:INFO:Creating metrics dataframe
2021-06-23 16:49:38,953:INFO:Initializing Ridge Classifier
2021-06-23 16:49:38,953:INFO:Total runtime is 0.4302146514256795 minutes
2021-06-23 16:49:38,962:INFO:SubProcess create_model() called ==================================
2021-06-23 16:49:38,963:INFO:Initializing create_model()
2021-06-23 16:49:38,963:INFO:create_model(estimator=ridge, fold=StratifiedKFold(n_splits=10, random_state=None, shuffle=False), round=4, cross_validation=True, predict=True, fit_kwargs={}, groups=None, refit=False, verbose=False, system=False, metrics=None, display=<pycaret.internal.Display.Display object at 0x7ff13d18eb10>, kwargs={})
2021-06-23 16:49:38,963:INFO:Checking exceptions
2021-06-23 16:49:38,963:INFO:Importing libraries
2021-06-23 16:49:38,963:INFO:Copying training dataset
2021-06-23 16:49:38,965:INFO:Defining folds
2021-06-23 16:49:38,965:INFO:Declaring metric variables
2021-06-23 16:49:38,975:INFO:Importing untrained model
2021-06-23 16:49:38,985:INFO:Ridge Classifier Imported succesfully
2021-06-23 16:49:39,003:INFO:Starting cross validation
2021-06-23 16:49:39,004:INFO:Cross validating with StratifiedKFold(n_splits=10, random_state=None, shuffle=False), n_jobs=-1
2021-06-23 16:49:39,662:INFO:Calculating mean and std
2021-06-23 16:49:39,664:INFO:Creating metrics dataframe
2021-06-23 16:49:39,673:INFO:Uploading results into container
2021-06-23 16:49:39,674:INFO:Uploading model into container now
2021-06-23 16:49:39,674:INFO:create_model_container: 6
2021-06-23 16:49:39,674:INFO:master_model_container: 6
2021-06-23 16:49:39,674:INFO:display_container: 2
2021-06-23 16:49:39,675:INFO:RidgeClassifier(alpha=1.0, class_weight=None, copy_X=True, fit_intercept=True,
                max_iter=None, normalize=False, random_state=123, solver='auto',
                tol=0.001)
2021-06-23 16:49:39,675:INFO:create_model() succesfully completed......................................
2021-06-23 16:49:39,737:INFO:SubProcess create_model() end ==================================
2021-06-23 16:49:39,737:INFO:Creating metrics dataframe
2021-06-23 16:49:39,763:INFO:Initializing Random Forest Classifier
2021-06-23 16:49:39,763:INFO:Total runtime is 0.4437071084976196 minutes
2021-06-23 16:49:39,774:INFO:SubProcess create_model() called ==================================
2021-06-23 16:49:39,774:INFO:Initializing create_model()
2021-06-23 16:49:39,774:INFO:create_model(estimator=rf, fold=StratifiedKFold(n_splits=10, random_state=None, shuffle=False), round=4, cross_validation=True, predict=True, fit_kwargs={}, groups=None, refit=False, verbose=False, system=False, metrics=None, display=<pycaret.internal.Display.Display object at 0x7ff13d18eb10>, kwargs={})
2021-06-23 16:49:39,774:INFO:Checking exceptions
2021-06-23 16:49:39,775:INFO:Importing libraries
2021-06-23 16:49:39,775:INFO:Copying training dataset
2021-06-23 16:49:39,776:INFO:Defining folds
2021-06-23 16:49:39,776:INFO:Declaring metric variables
2021-06-23 16:49:39,788:INFO:Importing untrained model
2021-06-23 16:49:39,798:INFO:Random Forest Classifier Imported succesfully
2021-06-23 16:49:39,817:INFO:Starting cross validation
2021-06-23 16:49:39,818:INFO:Cross validating with StratifiedKFold(n_splits=10, random_state=None, shuffle=False), n_jobs=-1
2021-06-23 16:50:21,289:INFO:Calculating mean and std
2021-06-23 16:50:21,291:INFO:Creating metrics dataframe
2021-06-23 16:50:21,299:INFO:Uploading results into container
2021-06-23 16:50:21,299:INFO:Uploading model into container now
2021-06-23 16:50:21,299:INFO:create_model_container: 7
2021-06-23 16:50:21,299:INFO:master_model_container: 7
2021-06-23 16:50:21,299:INFO:display_container: 2
2021-06-23 16:50:21,300:INFO:RandomForestClassifier(bootstrap=True, ccp_alpha=0.0, class_weight=None,
                       criterion='gini', max_depth=None, max_features='auto',
                       max_leaf_nodes=None, max_samples=None,
                       min_impurity_decrease=0.0, min_impurity_split=None,
                       min_samples_leaf=1, min_samples_split=2,
                       min_weight_fraction_leaf=0.0, n_estimators=100,
                       n_jobs=-1, oob_score=False, random_state=123, verbose=0,
                       warm_start=False)
2021-06-23 16:50:21,300:INFO:create_model() succesfully completed......................................
2021-06-23 16:50:21,359:INFO:SubProcess create_model() end ==================================
2021-06-23 16:50:21,360:INFO:Creating metrics dataframe
2021-06-23 16:50:21,385:INFO:Initializing Quadratic Discriminant Analysis
2021-06-23 16:50:21,385:INFO:Total runtime is 1.1374152739842731 minutes
2021-06-23 16:50:21,394:INFO:SubProcess create_model() called ==================================
2021-06-23 16:50:21,394:INFO:Initializing create_model()
2021-06-23 16:50:21,395:INFO:create_model(estimator=qda, fold=StratifiedKFold(n_splits=10, random_state=None, shuffle=False), round=4, cross_validation=True, predict=True, fit_kwargs={}, groups=None, refit=False, verbose=False, system=False, metrics=None, display=<pycaret.internal.Display.Display object at 0x7ff13d18eb10>, kwargs={})
2021-06-23 16:50:21,395:INFO:Checking exceptions
2021-06-23 16:50:21,395:INFO:Importing libraries
2021-06-23 16:50:21,395:INFO:Copying training dataset
2021-06-23 16:50:21,396:INFO:Defining folds
2021-06-23 16:50:21,396:INFO:Declaring metric variables
2021-06-23 16:50:21,405:INFO:Importing untrained model
2021-06-23 16:50:21,412:INFO:Quadratic Discriminant Analysis Imported succesfully
2021-06-23 16:50:21,432:INFO:Starting cross validation
2021-06-23 16:50:21,433:INFO:Cross validating with StratifiedKFold(n_splits=10, random_state=None, shuffle=False), n_jobs=-1
2021-06-23 16:50:22,100:INFO:Calculating mean and std
2021-06-23 16:50:22,102:INFO:Creating metrics dataframe
2021-06-23 16:50:22,111:INFO:Uploading results into container
2021-06-23 16:50:22,111:INFO:Uploading model into container now
2021-06-23 16:50:22,111:INFO:create_model_container: 8
2021-06-23 16:50:22,111:INFO:master_model_container: 8
2021-06-23 16:50:22,112:INFO:display_container: 2
2021-06-23 16:50:22,112:INFO:QuadraticDiscriminantAnalysis(priors=None, reg_param=0.0,
                              store_covariance=False, tol=0.0001)
2021-06-23 16:50:22,112:INFO:create_model() succesfully completed......................................
2021-06-23 16:50:22,169:INFO:SubProcess create_model() end ==================================
2021-06-23 16:50:22,169:INFO:Creating metrics dataframe
2021-06-23 16:50:22,196:INFO:Initializing Ada Boost Classifier
2021-06-23 16:50:22,196:INFO:Total runtime is 1.1509223222732543 minutes
2021-06-23 16:50:22,206:INFO:SubProcess create_model() called ==================================
2021-06-23 16:50:22,206:INFO:Initializing create_model()
2021-06-23 16:50:22,206:INFO:create_model(estimator=ada, fold=StratifiedKFold(n_splits=10, random_state=None, shuffle=False), round=4, cross_validation=True, predict=True, fit_kwargs={}, groups=None, refit=False, verbose=False, system=False, metrics=None, display=<pycaret.internal.Display.Display object at 0x7ff13d18eb10>, kwargs={})
2021-06-23 16:50:22,206:INFO:Checking exceptions
2021-06-23 16:50:22,206:INFO:Importing libraries
2021-06-23 16:50:22,207:INFO:Copying training dataset
2021-06-23 16:50:22,208:INFO:Defining folds
2021-06-23 16:50:22,208:INFO:Declaring metric variables
2021-06-23 16:50:22,219:INFO:Importing untrained model
2021-06-23 16:50:22,228:INFO:Ada Boost Classifier Imported succesfully
2021-06-23 16:50:22,247:INFO:Starting cross validation
2021-06-23 16:50:22,248:INFO:Cross validating with StratifiedKFold(n_splits=10, random_state=None, shuffle=False), n_jobs=-1
2021-06-23 16:50:37,652:INFO:Calculating mean and std
2021-06-23 16:50:37,653:INFO:Creating metrics dataframe
2021-06-23 16:50:37,659:INFO:Uploading results into container
2021-06-23 16:50:37,659:INFO:Uploading model into container now
2021-06-23 16:50:37,659:INFO:create_model_container: 9
2021-06-23 16:50:37,659:INFO:master_model_container: 9
2021-06-23 16:50:37,659:INFO:display_container: 2
2021-06-23 16:50:37,660:INFO:AdaBoostClassifier(algorithm='SAMME.R', base_estimator=None, learning_rate=1.0,
                   n_estimators=50, random_state=123)
2021-06-23 16:50:37,660:INFO:create_model() succesfully completed......................................
2021-06-23 16:50:37,714:INFO:SubProcess create_model() end ==================================
2021-06-23 16:50:37,715:INFO:Creating metrics dataframe
2021-06-23 16:50:37,742:INFO:Initializing Gradient Boosting Classifier
2021-06-23 16:50:37,743:INFO:Total runtime is 1.4100347399711608 minutes
2021-06-23 16:50:37,751:INFO:SubProcess create_model() called ==================================
2021-06-23 16:50:37,751:INFO:Initializing create_model()
2021-06-23 16:50:37,751:INFO:create_model(estimator=gbc, fold=StratifiedKFold(n_splits=10, random_state=None, shuffle=False), round=4, cross_validation=True, predict=True, fit_kwargs={}, groups=None, refit=False, verbose=False, system=False, metrics=None, display=<pycaret.internal.Display.Display object at 0x7ff13d18eb10>, kwargs={})
2021-06-23 16:50:37,751:INFO:Checking exceptions
2021-06-23 16:50:37,752:INFO:Importing libraries
2021-06-23 16:50:37,752:INFO:Copying training dataset
2021-06-23 16:50:37,753:INFO:Defining folds
2021-06-23 16:50:37,753:INFO:Declaring metric variables
2021-06-23 16:50:37,762:INFO:Importing untrained model
2021-06-23 16:50:37,770:INFO:Gradient Boosting Classifier Imported succesfully
2021-06-23 16:50:37,789:INFO:Starting cross validation
2021-06-23 16:50:37,790:INFO:Cross validating with StratifiedKFold(n_splits=10, random_state=None, shuffle=False), n_jobs=-1
2021-06-23 16:53:23,580:INFO:Calculating mean and std
2021-06-23 16:53:23,582:INFO:Creating metrics dataframe
2021-06-23 16:53:23,587:INFO:Uploading results into container
2021-06-23 16:53:23,587:INFO:Uploading model into container now
2021-06-23 16:53:23,588:INFO:create_model_container: 10
2021-06-23 16:53:23,588:INFO:master_model_container: 10
2021-06-23 16:53:23,588:INFO:display_container: 2
2021-06-23 16:53:23,588:INFO:GradientBoostingClassifier(ccp_alpha=0.0, criterion='friedman_mse', init=None,
                           learning_rate=0.1, loss='deviance', max_depth=3,
                           max_features=None, max_leaf_nodes=None,
                           min_impurity_decrease=0.0, min_impurity_split=None,
                           min_samples_leaf=1, min_samples_split=2,
                           min_weight_fraction_leaf=0.0, n_estimators=100,
                           n_iter_no_change=None, presort='deprecated',
                           random_state=123, subsample=1.0, tol=0.0001,
                           validation_fraction=0.1, verbose=0,
                           warm_start=False)
2021-06-23 16:53:23,588:INFO:create_model() succesfully completed......................................
2021-06-23 16:53:23,644:INFO:SubProcess create_model() end ==================================
2021-06-23 16:53:23,644:INFO:Creating metrics dataframe
2021-06-23 16:53:23,673:INFO:Initializing Linear Discriminant Analysis
2021-06-23 16:53:23,673:INFO:Total runtime is 4.175541241963704 minutes
2021-06-23 16:53:23,683:INFO:SubProcess create_model() called ==================================
2021-06-23 16:53:23,683:INFO:Initializing create_model()
2021-06-23 16:53:23,683:INFO:create_model(estimator=lda, fold=StratifiedKFold(n_splits=10, random_state=None, shuffle=False), round=4, cross_validation=True, predict=True, fit_kwargs={}, groups=None, refit=False, verbose=False, system=False, metrics=None, display=<pycaret.internal.Display.Display object at 0x7ff13d18eb10>, kwargs={})
2021-06-23 16:53:23,683:INFO:Checking exceptions
2021-06-23 16:53:23,684:INFO:Importing libraries
2021-06-23 16:53:23,684:INFO:Copying training dataset
2021-06-23 16:53:23,685:INFO:Defining folds
2021-06-23 16:53:23,685:INFO:Declaring metric variables
2021-06-23 16:53:23,695:INFO:Importing untrained model
2021-06-23 16:53:23,706:INFO:Linear Discriminant Analysis Imported succesfully
2021-06-23 16:53:23,728:INFO:Starting cross validation
2021-06-23 16:53:23,729:INFO:Cross validating with StratifiedKFold(n_splits=10, random_state=None, shuffle=False), n_jobs=-1
2021-06-23 16:53:24,884:INFO:Calculating mean and std
2021-06-23 16:53:24,886:INFO:Creating metrics dataframe
2021-06-23 16:53:24,895:INFO:Uploading results into container
2021-06-23 16:53:24,895:INFO:Uploading model into container now
2021-06-23 16:53:24,895:INFO:create_model_container: 11
2021-06-23 16:53:24,895:INFO:master_model_container: 11
2021-06-23 16:53:24,895:INFO:display_container: 2
2021-06-23 16:53:24,896:INFO:LinearDiscriminantAnalysis(n_components=None, priors=None, shrinkage=None,
                           solver='svd', store_covariance=False, tol=0.0001)
2021-06-23 16:53:24,896:INFO:create_model() succesfully completed......................................
2021-06-23 16:53:24,952:INFO:SubProcess create_model() end ==================================
2021-06-23 16:53:24,952:INFO:Creating metrics dataframe
2021-06-23 16:53:25,007:INFO:Initializing Extra Trees Classifier
2021-06-23 16:53:25,007:INFO:Total runtime is 4.197777501742045 minutes
2021-06-23 16:53:25,019:INFO:SubProcess create_model() called ==================================
2021-06-23 16:53:25,019:INFO:Initializing create_model()
2021-06-23 16:53:25,019:INFO:create_model(estimator=et, fold=StratifiedKFold(n_splits=10, random_state=None, shuffle=False), round=4, cross_validation=True, predict=True, fit_kwargs={}, groups=None, refit=False, verbose=False, system=False, metrics=None, display=<pycaret.internal.Display.Display object at 0x7ff13d18eb10>, kwargs={})
2021-06-23 16:53:25,019:INFO:Checking exceptions
2021-06-23 16:53:25,019:INFO:Importing libraries
2021-06-23 16:53:25,019:INFO:Copying training dataset
2021-06-23 16:53:25,021:INFO:Defining folds
2021-06-23 16:53:25,021:INFO:Declaring metric variables
2021-06-23 16:53:25,030:INFO:Importing untrained model
2021-06-23 16:53:25,041:INFO:Extra Trees Classifier Imported succesfully
2021-06-23 16:53:25,061:INFO:Starting cross validation
2021-06-23 16:53:25,061:INFO:Cross validating with StratifiedKFold(n_splits=10, random_state=None, shuffle=False), n_jobs=-1
2021-06-23 16:53:54,603:INFO:Calculating mean and std
2021-06-23 16:53:54,608:INFO:Creating metrics dataframe
2021-06-23 16:53:54,632:INFO:Uploading results into container
2021-06-23 16:53:54,632:INFO:Uploading model into container now
2021-06-23 16:53:54,632:INFO:create_model_container: 12
2021-06-23 16:53:54,633:INFO:master_model_container: 12
2021-06-23 16:53:54,633:INFO:display_container: 2
2021-06-23 16:53:54,635:INFO:ExtraTreesClassifier(bootstrap=False, ccp_alpha=0.0, class_weight=None,
                     criterion='gini', max_depth=None, max_features='auto',
                     max_leaf_nodes=None, max_samples=None,
                     min_impurity_decrease=0.0, min_impurity_split=None,
                     min_samples_leaf=1, min_samples_split=2,
                     min_weight_fraction_leaf=0.0, n_estimators=100, n_jobs=-1,
                     oob_score=False, random_state=123, verbose=0,
                     warm_start=False)
2021-06-23 16:53:54,635:INFO:create_model() succesfully completed......................................
2021-06-23 16:53:54,693:INFO:SubProcess create_model() end ==================================
2021-06-23 16:53:54,693:INFO:Creating metrics dataframe
2021-06-23 16:53:54,723:INFO:Initializing Light Gradient Boosting Machine
2021-06-23 16:53:54,723:INFO:Total runtime is 4.693043724695841 minutes
2021-06-23 16:53:54,732:INFO:SubProcess create_model() called ==================================
2021-06-23 16:53:54,733:INFO:Initializing create_model()
2021-06-23 16:53:54,733:INFO:create_model(estimator=lightgbm, fold=StratifiedKFold(n_splits=10, random_state=None, shuffle=False), round=4, cross_validation=True, predict=True, fit_kwargs={}, groups=None, refit=False, verbose=False, system=False, metrics=None, display=<pycaret.internal.Display.Display object at 0x7ff13d18eb10>, kwargs={})
2021-06-23 16:53:54,733:INFO:Checking exceptions
2021-06-23 16:53:54,733:INFO:Importing libraries
2021-06-23 16:53:54,733:INFO:Copying training dataset
2021-06-23 16:53:54,734:INFO:Defining folds
2021-06-23 16:53:54,734:INFO:Declaring metric variables
2021-06-23 16:53:54,743:INFO:Importing untrained model
2021-06-23 16:53:54,752:INFO:Light Gradient Boosting Machine Imported succesfully
2021-06-23 16:53:54,773:INFO:Starting cross validation
2021-06-23 16:53:54,774:INFO:Cross validating with StratifiedKFold(n_splits=10, random_state=None, shuffle=False), n_jobs=-1
2021-06-23 16:54:10,424:INFO:Calculating mean and std
2021-06-23 16:54:10,427:INFO:Creating metrics dataframe
2021-06-23 16:54:10,445:INFO:Uploading results into container
2021-06-23 16:54:10,445:INFO:Uploading model into container now
2021-06-23 16:54:10,445:INFO:create_model_container: 13
2021-06-23 16:54:10,446:INFO:master_model_container: 13
2021-06-23 16:54:10,446:INFO:display_container: 2
2021-06-23 16:54:10,448:INFO:LGBMClassifier(boosting_type='gbdt', class_weight=None, colsample_bytree=1.0,
               importance_type='split', learning_rate=0.1, max_depth=-1,
               min_child_samples=20, min_child_weight=0.001, min_split_gain=0.0,
               n_estimators=100, n_jobs=-1, num_leaves=31, objective=None,
               random_state=123, reg_alpha=0.0, reg_lambda=0.0, silent=True,
               subsample=1.0, subsample_for_bin=200000, subsample_freq=0)
2021-06-23 16:54:10,448:INFO:create_model() succesfully completed......................................
2021-06-23 16:54:10,504:INFO:SubProcess create_model() end ==================================
2021-06-23 16:54:10,505:INFO:Creating metrics dataframe
2021-06-23 16:54:10,555:INFO:Initializing create_model()
2021-06-23 16:54:10,555:INFO:create_model(estimator=RandomForestClassifier(bootstrap=True, ccp_alpha=0.0, class_weight=None,
                       criterion='gini', max_depth=None, max_features='auto',
                       max_leaf_nodes=None, max_samples=None,
                       min_impurity_decrease=0.0, min_impurity_split=None,
                       min_samples_leaf=1, min_samples_split=2,
                       min_weight_fraction_leaf=0.0, n_estimators=100,
                       n_jobs=-1, oob_score=False, random_state=123, verbose=0,
                       warm_start=False), fold=StratifiedKFold(n_splits=10, random_state=None, shuffle=False), round=4, cross_validation=False, predict=False, fit_kwargs={}, groups=None, refit=True, verbose=False, system=False, metrics=None, display=None, kwargs={})
2021-06-23 16:54:10,555:INFO:Checking exceptions
2021-06-23 16:54:10,556:INFO:Importing libraries
2021-06-23 16:54:10,556:INFO:Copying training dataset
2021-06-23 16:54:10,557:INFO:Defining folds
2021-06-23 16:54:10,557:INFO:Declaring metric variables
2021-06-23 16:54:10,557:INFO:Importing untrained model
2021-06-23 16:54:10,557:INFO:Declaring custom model
2021-06-23 16:54:10,558:INFO:Random Forest Classifier Imported succesfully
2021-06-23 16:54:10,558:INFO:Cross validation set to False
2021-06-23 16:54:10,558:INFO:Fitting Model
2021-06-23 16:54:15,351:INFO:RandomForestClassifier(bootstrap=True, ccp_alpha=0.0, class_weight=None,
                       criterion='gini', max_depth=None, max_features='auto',
                       max_leaf_nodes=None, max_samples=None,
                       min_impurity_decrease=0.0, min_impurity_split=None,
                       min_samples_leaf=1, min_samples_split=2,
                       min_weight_fraction_leaf=0.0, n_estimators=100,
                       n_jobs=-1, oob_score=False, random_state=123, verbose=0,
                       warm_start=False)
2021-06-23 16:54:15,351:INFO:create_models() succesfully completed......................................
2021-06-23 16:54:15,465:INFO:create_model_container: 13
2021-06-23 16:54:15,466:INFO:master_model_container: 13
2021-06-23 16:54:15,466:INFO:display_container: 2
2021-06-23 16:54:15,467:INFO:RandomForestClassifier(bootstrap=True, ccp_alpha=0.0, class_weight=None,
                       criterion='gini', max_depth=None, max_features='auto',
                       max_leaf_nodes=None, max_samples=None,
                       min_impurity_decrease=0.0, min_impurity_split=None,
                       min_samples_leaf=1, min_samples_split=2,
                       min_weight_fraction_leaf=0.0, n_estimators=100,
                       n_jobs=-1, oob_score=False, random_state=123, verbose=0,
                       warm_start=False)
2021-06-23 16:54:15,467:INFO:compare_models() succesfully completed......................................
2021-06-23 16:56:16,126:INFO:Initializing create_model()
2021-06-23 16:56:16,126:INFO:create_model(estimator=rf, fold=None, round=4, cross_validation=True, predict=True, fit_kwargs=None, groups=None, refit=True, verbose=True, system=True, metrics=None, display=None, kwargs={})
2021-06-23 16:56:16,126:INFO:Checking exceptions
2021-06-23 16:56:16,126:INFO:Preparing display monitor
2021-06-23 16:56:16,151:INFO:Importing libraries
2021-06-23 16:56:16,151:INFO:Copying training dataset
2021-06-23 16:56:16,153:INFO:Defining folds
2021-06-23 16:56:16,153:INFO:Declaring metric variables
2021-06-23 16:56:16,163:INFO:Importing untrained model
2021-06-23 16:56:16,172:INFO:Random Forest Classifier Imported succesfully
2021-06-23 16:56:16,195:INFO:Starting cross validation
2021-06-23 16:56:16,196:INFO:Cross validating with StratifiedKFold(n_splits=10, random_state=None, shuffle=False), n_jobs=-1
2021-06-23 16:56:55,450:INFO:Calculating mean and std
2021-06-23 16:56:55,454:INFO:Creating metrics dataframe
2021-06-23 16:56:55,497:INFO:Finalizing model
2021-06-23 16:57:00,711:INFO:Uploading results into container
2021-06-23 16:57:00,711:INFO:Uploading model into container now
2021-06-23 16:57:00,730:INFO:create_model_container: 14
2021-06-23 16:57:00,730:INFO:master_model_container: 14
2021-06-23 16:57:00,730:INFO:display_container: 3
2021-06-23 16:57:00,731:INFO:RandomForestClassifier(bootstrap=True, ccp_alpha=0.0, class_weight=None,
                       criterion='gini', max_depth=None, max_features='auto',
                       max_leaf_nodes=None, max_samples=None,
                       min_impurity_decrease=0.0, min_impurity_split=None,
                       min_samples_leaf=1, min_samples_split=2,
                       min_weight_fraction_leaf=0.0, n_estimators=100,
                       n_jobs=-1, oob_score=False, random_state=123, verbose=0,
                       warm_start=False)
2021-06-23 16:57:00,731:INFO:create_model() succesfully completed......................................
2021-06-23 16:57:53,503:INFO:Initializing tune_model()
2021-06-23 16:57:53,503:INFO:tune_model(estimator=RandomForestClassifier(bootstrap=True, ccp_alpha=0.0, class_weight=None,
                       criterion='gini', max_depth=None, max_features='auto',
                       max_leaf_nodes=None, max_samples=None,
                       min_impurity_decrease=0.0, min_impurity_split=None,
                       min_samples_leaf=1, min_samples_split=2,
                       min_weight_fraction_leaf=0.0, n_estimators=100,
                       n_jobs=-1, oob_score=False, random_state=123, verbose=0,
                       warm_start=False), fold=None, round=4, n_iter=10, custom_grid=None, optimize=Accuracy, custom_scorer=None, search_library=scikit-learn, search_algorithm=None, early_stopping=False, early_stopping_max_iters=10, choose_better=False, fit_kwargs=None, groups=None, return_tuner=False, verbose=True, tuner_verbose=True, display=None, kwargs={})
2021-06-23 16:57:53,503:INFO:Checking exceptions
2021-06-23 16:57:53,509:INFO:Preparing display monitor
2021-06-23 16:57:53,534:INFO:Copying training dataset
2021-06-23 16:57:53,536:INFO:Checking base model
2021-06-23 16:57:53,536:INFO:Base model : Random Forest Classifier
2021-06-23 16:57:53,548:INFO:Declaring metric variables
2021-06-23 16:57:53,557:INFO:Defining Hyperparameters
2021-06-23 16:57:53,624:INFO:Tuning with n_jobs=-1
2021-06-23 16:57:53,624:INFO:Initializing RandomizedSearchCV
2021-06-23 17:06:57,605:INFO:best_params: {'actual_estimator__n_estimators': 190, 'actual_estimator__min_samples_split': 9, 'actual_estimator__min_samples_leaf': 6, 'actual_estimator__min_impurity_decrease': 0.001, 'actual_estimator__max_features': 'log2', 'actual_estimator__max_depth': 6, 'actual_estimator__criterion': 'gini', 'actual_estimator__class_weight': 'balanced_subsample', 'actual_estimator__bootstrap': False}
2021-06-23 17:06:57,607:INFO:Hyperparameter search completed
2021-06-23 17:06:57,607:INFO:SubProcess create_model() called ==================================
2021-06-23 17:06:57,609:INFO:Initializing create_model()
2021-06-23 17:06:57,609:INFO:create_model(estimator=RandomForestClassifier(bootstrap=True, ccp_alpha=0.0, class_weight=None,
                       criterion='gini', max_depth=None, max_features='auto',
                       max_leaf_nodes=None, max_samples=None,
                       min_impurity_decrease=0.0, min_impurity_split=None,
                       min_samples_leaf=1, min_samples_split=2,
                       min_weight_fraction_leaf=0.0, n_estimators=100,
                       n_jobs=-1, oob_score=False, random_state=123, verbose=0,
                       warm_start=False), fold=StratifiedKFold(n_splits=10, random_state=None, shuffle=False), round=4, cross_validation=True, predict=True, fit_kwargs={}, groups=None, refit=True, verbose=True, system=False, metrics=None, display=<pycaret.internal.Display.Display object at 0x7ff1ae0a7690>, kwargs={'n_estimators': 190, 'min_samples_split': 9, 'min_samples_leaf': 6, 'min_impurity_decrease': 0.001, 'max_features': 'log2', 'max_depth': 6, 'criterion': 'gini', 'class_weight': 'balanced_subsample', 'bootstrap': False})
2021-06-23 17:06:57,610:INFO:Checking exceptions
2021-06-23 17:06:57,610:INFO:Importing libraries
2021-06-23 17:06:57,610:INFO:Copying training dataset
2021-06-23 17:06:57,614:INFO:Defining folds
2021-06-23 17:06:57,614:INFO:Declaring metric variables
2021-06-23 17:06:57,641:INFO:Importing untrained model
2021-06-23 17:06:57,641:INFO:Declaring custom model
2021-06-23 17:06:57,655:INFO:Random Forest Classifier Imported succesfully
2021-06-23 17:06:57,673:INFO:Starting cross validation
2021-06-23 17:06:57,674:INFO:Cross validating with StratifiedKFold(n_splits=10, random_state=None, shuffle=False), n_jobs=-1
2021-06-23 17:08:08,297:INFO:Calculating mean and std
2021-06-23 17:08:08,300:INFO:Creating metrics dataframe
2021-06-23 17:08:08,330:INFO:Finalizing model
2021-06-23 17:08:15,517:INFO:Uploading results into container
2021-06-23 17:08:15,517:INFO:Uploading model into container now
2021-06-23 17:08:15,518:INFO:create_model_container: 15
2021-06-23 17:08:15,518:INFO:master_model_container: 15
2021-06-23 17:08:15,518:INFO:display_container: 4
2021-06-23 17:08:15,519:INFO:RandomForestClassifier(bootstrap=False, ccp_alpha=0.0,
                       class_weight='balanced_subsample', criterion='gini',
                       max_depth=6, max_features='log2', max_leaf_nodes=None,
                       max_samples=None, min_impurity_decrease=0.001,
                       min_impurity_split=None, min_samples_leaf=6,
                       min_samples_split=9, min_weight_fraction_leaf=0.0,
                       n_estimators=190, n_jobs=-1, oob_score=False,
                       random_state=123, verbose=0, warm_start=False)
2021-06-23 17:08:15,519:INFO:create_model() succesfully completed......................................
2021-06-23 17:08:15,580:INFO:SubProcess create_model() end ==================================
2021-06-23 17:08:15,601:INFO:create_model_container: 15
2021-06-23 17:08:15,601:INFO:master_model_container: 15
2021-06-23 17:08:15,602:INFO:display_container: 4
2021-06-23 17:08:15,602:INFO:RandomForestClassifier(bootstrap=False, ccp_alpha=0.0,
                       class_weight='balanced_subsample', criterion='gini',
                       max_depth=6, max_features='log2', max_leaf_nodes=None,
                       max_samples=None, min_impurity_decrease=0.001,
                       min_impurity_split=None, min_samples_leaf=6,
                       min_samples_split=9, min_weight_fraction_leaf=0.0,
                       n_estimators=190, n_jobs=-1, oob_score=False,
                       random_state=123, verbose=0, warm_start=False)
2021-06-23 17:08:15,602:INFO:tune_model() succesfully completed......................................
2021-06-23 17:09:51,938:INFO:Initializing predict_model()
2021-06-23 17:09:51,938:INFO:predict_model(estimator=RandomForestClassifier(bootstrap=False, ccp_alpha=0.0,
                       class_weight='balanced_subsample', criterion='gini',
                       max_depth=6, max_features='log2', max_leaf_nodes=None,
                       max_samples=None, min_impurity_decrease=0.001,
                       min_impurity_split=None, min_samples_leaf=6,
                       min_samples_split=9, min_weight_fraction_leaf=0.0,
                       n_estimators=190, n_jobs=-1, oob_score=False,
                       random_state=123, verbose=0, warm_start=False), probability_threshold=None, encoded_labels=False, raw_score=False, round=4, verbose=True, ml_usecase=MLUsecase.CLASSIFICATION, display=None)
2021-06-23 17:09:51,938:INFO:Checking exceptions
2021-06-23 17:09:51,938:INFO:Preloading libraries
2021-06-23 17:09:51,938:INFO:Preparing display monitor
2021-06-23 17:11:54,874:INFO:Initializing finalize_model()
2021-06-23 17:11:54,874:INFO:finalize_model(estimator=RandomForestClassifier(bootstrap=False, ccp_alpha=0.0,
                       class_weight='balanced_subsample', criterion='gini',
                       max_depth=6, max_features='log2', max_leaf_nodes=None,
                       max_samples=None, min_impurity_decrease=0.001,
                       min_impurity_split=None, min_samples_leaf=6,
                       min_samples_split=9, min_weight_fraction_leaf=0.0,
                       n_estimators=190, n_jobs=-1, oob_score=False,
                       random_state=123, verbose=0, warm_start=False), fit_kwargs=None, groups=None, model_only=True, display=None)
2021-06-23 17:11:54,874:INFO:Finalizing RandomForestClassifier(bootstrap=False, ccp_alpha=0.0,
                       class_weight='balanced_subsample', criterion='gini',
                       max_depth=6, max_features='log2', max_leaf_nodes=None,
                       max_samples=None, min_impurity_decrease=0.001,
                       min_impurity_split=None, min_samples_leaf=6,
                       min_samples_split=9, min_weight_fraction_leaf=0.0,
                       n_estimators=190, n_jobs=-1, oob_score=False,
                       random_state=123, verbose=0, warm_start=False)
2021-06-23 17:11:54,875:INFO:Initializing create_model()
2021-06-23 17:11:54,875:INFO:create_model(estimator=RandomForestClassifier(bootstrap=False, ccp_alpha=0.0,
                       class_weight='balanced_subsample', criterion='gini',
                       max_depth=6, max_features='log2', max_leaf_nodes=None,
                       max_samples=None, min_impurity_decrease=0.001,
                       min_impurity_split=None, min_samples_leaf=6,
                       min_samples_split=9, min_weight_fraction_leaf=0.0,
                       n_estimators=190, n_jobs=-1, oob_score=False,
                       random_state=123, verbose=0, warm_start=False), fold=None, round=4, cross_validation=True, predict=True, fit_kwargs={}, groups=None, refit=True, verbose=False, system=False, metrics=None, display=None, kwargs={})
2021-06-23 17:11:54,875:INFO:Checking exceptions
2021-06-23 17:11:54,875:INFO:Importing libraries
2021-06-23 17:11:54,875:INFO:Copying training dataset
2021-06-23 17:11:54,877:INFO:Defining folds
2021-06-23 17:11:54,877:INFO:Declaring metric variables
2021-06-23 17:11:54,877:INFO:Importing untrained model
2021-06-23 17:11:54,877:INFO:Declaring custom model
2021-06-23 17:11:54,878:INFO:Random Forest Classifier Imported succesfully
2021-06-23 17:11:54,878:INFO:Starting cross validation
2021-06-23 17:11:54,878:INFO:Cross validating with StratifiedKFold(n_splits=10, random_state=None, shuffle=False), n_jobs=-1
2021-06-23 17:13:46,976:INFO:Calculating mean and std
2021-06-23 17:13:46,977:INFO:Creating metrics dataframe
2021-06-23 17:13:46,987:INFO:Finalizing model
2021-06-23 17:13:59,121:INFO:Uploading results into container
2021-06-23 17:13:59,121:INFO:Uploading model into container now
2021-06-23 17:13:59,121:INFO:create_model_container: 16
2021-06-23 17:13:59,121:INFO:master_model_container: 16
2021-06-23 17:13:59,121:INFO:display_container: 6
2021-06-23 17:13:59,122:INFO:RandomForestClassifier(bootstrap=False, ccp_alpha=0.0,
                       class_weight='balanced_subsample', criterion='gini',
                       max_depth=6, max_features='log2', max_leaf_nodes=None,
                       max_samples=None, min_impurity_decrease=0.001,
                       min_impurity_split=None, min_samples_leaf=6,
                       min_samples_split=9, min_weight_fraction_leaf=0.0,
                       n_estimators=190, n_jobs=-1, oob_score=False,
                       random_state=123, verbose=0, warm_start=False)
2021-06-23 17:13:59,122:INFO:create_model() succesfully completed......................................
2021-06-23 17:13:59,181:INFO:create_model_container: 16
2021-06-23 17:13:59,181:INFO:master_model_container: 16
2021-06-23 17:13:59,181:INFO:display_container: 5
2021-06-23 17:13:59,182:INFO:RandomForestClassifier(bootstrap=False, ccp_alpha=0.0,
                       class_weight='balanced_subsample', criterion='gini',
                       max_depth=6, max_features='log2', max_leaf_nodes=None,
                       max_samples=None, min_impurity_decrease=0.001,
                       min_impurity_split=None, min_samples_leaf=6,
                       min_samples_split=9, min_weight_fraction_leaf=0.0,
                       n_estimators=190, n_jobs=-1, oob_score=False,
                       random_state=123, verbose=0, warm_start=False)
2021-06-23 17:13:59,182:INFO:finalize_model() succesfully completed......................................
2021-06-23 17:15:28,379:INFO:Initializing predict_model()
2021-06-23 17:15:28,379:INFO:predict_model(estimator=RandomForestClassifier(bootstrap=False, ccp_alpha=0.0,
                       class_weight='balanced_subsample', criterion='gini',
                       max_depth=6, max_features='log2', max_leaf_nodes=None,
                       max_samples=None, min_impurity_decrease=0.001,
                       min_impurity_split=None, min_samples_leaf=6,
                       min_samples_split=9, min_weight_fraction_leaf=0.0,
                       n_estimators=190, n_jobs=-1, oob_score=False,
                       random_state=123, verbose=0, warm_start=False), probability_threshold=None, encoded_labels=False, raw_score=False, round=4, verbose=True, ml_usecase=MLUsecase.CLASSIFICATION, display=None)
2021-06-23 17:15:28,379:INFO:Checking exceptions
2021-06-23 17:15:28,379:INFO:Preloading libraries
2021-06-23 17:15:28,379:INFO:Preparing display monitor
